#
# A fatal error has been detected by the Java Runtime Environment:
#
#  Internal Error (javaClasses.cpp:129), pid=7688, tid=7856
#  fatal error: Invalid layout of preloaded class
#
# JRE version: 7.0_07-b10
# Java VM: Java HotSpot(TM) Client VM (23.3-b01 mixed mode windows-x86 )
# Failed to write core dump. Minidumps are not enabled by default on client versions of Windows
#
# If you would like to submit a bug report, please visit:
#   http://bugreport.sun.com/bugreport/crash.jsp
#

---------------  T H R E A D  ---------------

Current thread (0x0124b000):  JavaThread "Unknown thread" [_thread_in_vm, id=7856, stack(0x011d0000,0x01220000)]

Stack: [0x011d0000,0x01220000],  sp=0x0121f9dc,  free space=318k
Native frames: (J=compiled Java code, j=interpreted, Vv=VM code, C=native code)
V  [jvm.dll+0x16f2f1]
V  [jvm.dll+0x169496]
V  [jvm.dll+0x2082f]
V  [jvm.dll+0x208b6]
V  [jvm.dll+0x2e64d]
V  [jvm.dll+0x2e8f9]
V  [jvm.dll+0x77d01]
V  [jvm.dll+0x780bb]
V  [jvm.dll+0x1290e1]
V  [jvm.dll+0x149b8a]
V  [jvm.dll+0xa997f]
C  [javaw.exe+0x1359]
C  [javaw.exe+0x1dbb]
C  [javaw.exe+0xa0eb]
C  [javaw.exe+0xa175]
C  [kernel32.dll+0x51174]  BaseThreadInitThunk+0x12
C  [ntdll.dll+0x5b3f5]  RtlInitializeExceptionChain+0x63
C  [ntdll.dll+0x5b3c8]  RtlInitializeExceptionChain+0x36


---------------  P R O C E S S  ---------------

Java Threads: ( => current thread )

Other Threads:

=>0x0124b000 (exited) JavaThread "Unknown thread" [_thread_in_vm, id=7856, stack(0x011d0000,0x01220000)]

VM state:not at safepoint (not fully initialized)

VM Mutex/Monitor currently owned by a thread: None

GC Heap History (0 events):
No events

Deoptimization events (0 events):
No events

Internal exceptions (0 events):
No events

Events (10 events):
Event: 0.697 loading class 0x01726760 done
Event: 0.697 loading class 0x0124f8e0 done
Event: 0.697 loading class 0x0124f8b8
Event: 0.698 loading class 0x01760478
Event: 0.698 loading class 0x01760478 done
Event: 0.698 loading class 0x017604b0
Event: 0.698 loading class 0x017604b0 done
Event: 0.698 loading class 0x01755790
Event: 0.698 loading class 0x01755790 done
Event: 0.699 loading class 0x0124f8b8 done


Dynamic libraries:
0x012d0000 - 0x012ff000 	C:\Program Files\Java\jre7\bin\javaw.exe
0x771c0000 - 0x772fc000 	C:\Windows\SYSTEM32\ntdll.dll
0x75620000 - 0x756f4000 	C:\Windows\system32\kernel32.dll
0x75450000 - 0x7549a000 	C:\Windows\system32\KERNELBASE.dll
0x70670000 - 0x706ac000 	C:\Program Files\AVAST Software\Avast\snxhk.dll
0x75ef0000 - 0x75f90000 	C:\Windows\system32\ADVAPI32.dll
0x76f00000 - 0x76fac000 	C:\Windows\system32\msvcrt.dll
0x761a0000 - 0x761b9000 	C:\Windows\SYSTEM32\sechost.dll
0x761c0000 - 0x76261000 	C:\Windows\system32\RPCRT4.dll
0x770f0000 - 0x771b9000 	C:\Windows\system32\USER32.dll
0x75940000 - 0x7598e000 	C:\Windows\system32\GDI32.dll
0x75ff0000 - 0x75ffa000 	C:\Windows\system32\LPK.dll
0x76000000 - 0x7609d000 	C:\Windows\system32\USP10.dll
0x74260000 - 0x743fe000 	C:\Windows\WinSxS\x86_microsoft.windows.common-controls_6595b64144ccf1df_6.0.7600.16385_none_421189da2b7fabfc\COMCTL32.dll
0x75b90000 - 0x75be7000 	C:\Windows\system32\SHLWAPI.dll
0x77300000 - 0x7731f000 	C:\Windows\system32\IMM32.DLL
0x75e20000 - 0x75eec000 	C:\Windows\system32\MSCTF.dll
0x604f0000 - 0x605ae000 	C:\Program Files\Java\jre7\bin\msvcr100.dll
0x65930000 - 0x65c7c000 	C:\Program Files\Java\jre7\bin\client\jvm.dll
0x71470000 - 0x71477000 	C:\Windows\system32\WSOCK32.dll
0x76270000 - 0x762a5000 	C:\Windows\system32\WS2_32.dll
0x75610000 - 0x75616000 	C:\Windows\system32\NSI.dll
0x73760000 - 0x73792000 	C:\Windows\system32\WINMM.dll
0x75700000 - 0x75705000 	C:\Windows\system32\PSAPI.DLL
0x73bb0000 - 0x73bbc000 	C:\Program Files\Java\jre7\bin\verify.dll
0x73330000 - 0x73350000 	C:\Program Files\Java\jre7\bin\java.dll
0x73350000 - 0x73363000 	C:\Program Files\Java\jre7\bin\zip.dll
0x71370000 - 0x7145b000 	C:\Windows\system32\dbghelp.dll

VM Arguments:
jvm_args: -Dfile.encoding=Cp1252 -Xbootclasspath:C:\Android\platforms\android-8\android.jar 
java_command: br.com.control.CarregarXML
Launcher Type: SUN_STANDARD

Environment Variables:
JAVA_HOME=C:\Program Files\Java\jdk1.7.0_07
PATH=C:/Program Files/Java/jre7/bin/client;C:/Program Files/Java/jre7/bin;C:/Program Files/Java/jre7/lib/i386;C:\Program Files\Common Files\Microsoft Shared\Windows Live;C:\Program Files\Borland\Delphi7\Bin;C:\Program Files\Borland\Delphi7\Projects\Bpl\;C:\Windows\system32;C:\Windows;C:\Windows\System32\Wbem;C:\Windows\System32\WindowsPowerShell\v1.0\;C:\Program Files\Windows Live\Shared;C:\Program Files\TortoiseSVN\bin;C:\eclipse2;
USERNAME=User
OS=Windows_NT
PROCESSOR_IDENTIFIER=x86 Family 6 Model 15 Stepping 13, GenuineIntel



---------------  S Y S T E M  ---------------

OS: Windows 7 Build 7600 

CPU:total 2 (2 cores per cpu, 1 threads per core) family 6 model 15 stepping 13, cmov, cx8, fxsr, mmx, sse, sse2, sse3, ssse3, tsc

Memory: 4k page, physical 3135928k(923672k free), swap 6270092k(3503424k free)

vm_info: Java HotSpot(TM) Client VM (23.3-b01) for windows-x86 JRE (1.7.0_07-b10), built on Aug 28 2012 19:49:22 by "java_re" with unknown MS VC++:1600

time: Tue Sep 11 17:06:03 2012
elapsed time: 0 seconds

